<?xml version="1.0" encoding="UTF-8"?>
<!-- Generated by org.testng.reporters.JUnitReportReporter -->
<testsuite hostname="LAPTOP-AJ375QKV" failures="0" tests="4" name="api.test.UserTests" time="8.030" errors="0" timestamp="2024-05-01T19:08:02 IST" skipped="0">
  <testcase classname="api.test.UserTests" name="testPostUser" time="3.413"/>
  <system-out/>
  <testcase classname="api.test.UserTests" name="testGetUserByName" time="1.519"/>
  <system-out/>
  <testcase classname="api.test.UserTests" name="testUpdateUserByName" time="1.568"/>
  <system-out/>
  <testcase classname="api.test.UserTests" name="testDeleteUserByName" time="1.530"/>
  <system-out/>
</testsuite> <!-- api.test.UserTests -->
